19:14:11.875 [restartedMain] [1;31mERROR[0;39m [36mo.s.boot.SpringApplication[0;39m - Application run failed 
java.lang.IllegalStateException: Could not locate PropertySource and the fail fast property is set, failing
	at org.springframework.cloud.config.client.ConfigServicePropertySourceLocator.locate(ConfigServicePropertySourceLocator.java:177)
	at org.springframework.cloud.bootstrap.config.PropertySourceLocator.locateCollection(PropertySourceLocator.java:50)
	at org.springframework.cloud.config.client.ConfigServicePropertySourceLocator.locateCollection(ConfigServicePropertySourceLocator.java:188)
	at org.springframework.cloud.bootstrap.config.PropertySourceBootstrapConfiguration.doInitialize(PropertySourceBootstrapConfiguration.java:120)
	at org.springframework.cloud.bootstrap.config.PropertySourceBootstrapConfiguration.initialize(PropertySourceBootstrapConfiguration.java:110)
	at org.springframework.boot.SpringApplication.applyInitializers(SpringApplication.java:627)
	at org.springframework.boot.SpringApplication.prepareContext(SpringApplication.java:400)
	at org.springframework.boot.SpringApplication.run(SpringApplication.java:333)
	at org.springframework.boot.SpringApplication.run(SpringApplication.java:1354)
	at org.springframework.boot.SpringApplication.run(SpringApplication.java:1343)
	at by.alex.commentAppMicriservice.CommentAppMicroserviceApplication.main(CommentAppMicroserviceApplication.java:14)
	at java.base/jdk.internal.reflect.NativeMethodAccessorImpl.invoke0(Native Method)
	at java.base/jdk.internal.reflect.NativeMethodAccessorImpl.invoke(NativeMethodAccessorImpl.java:77)
	at java.base/jdk.internal.reflect.DelegatingMethodAccessorImpl.invoke(DelegatingMethodAccessorImpl.java:43)
	at java.base/java.lang.reflect.Method.invoke(Method.java:568)
	at org.springframework.boot.devtools.restart.RestartLauncher.run(RestartLauncher.java:50)
Caused by: java.lang.IllegalStateException: Invalid URL: configserver:http://localhost:8888
	at org.springframework.cloud.config.client.ConfigClientProperties.extractCredentials(ConfigClientProperties.java:374)
	at org.springframework.cloud.config.client.ConfigClientProperties.getCredentials(ConfigClientProperties.java:252)
	at org.springframework.cloud.config.client.ConfigServicePropertySourceLocator.getRemoteEnvironment(ConfigServicePropertySourceLocator.java:264)
	at org.springframework.cloud.config.client.ConfigServicePropertySourceLocator.locate(ConfigServicePropertySourceLocator.java:137)
	... 15 common frames omitted
Caused by: java.net.MalformedURLException: unknown protocol: configserver
	at java.base/java.net.URL.<init>(URL.java:681)
	at java.base/java.net.URL.<init>(URL.java:569)
	at java.base/java.net.URL.<init>(URL.java:516)
	at org.springframework.cloud.config.client.ConfigClientProperties.extractCredentials(ConfigClientProperties.java:339)
	... 18 common frames omitted
19:14:41.497 [restartedMain] [34mINFO [0;39m [36mo.s.c.c.c.ConfigServicePropertySourceLocator[0;39m - Fetching config from server at : http://localhost:8888 
19:14:45.394 [restartedMain] [34mINFO [0;39m [36mo.s.c.c.c.ConfigServicePropertySourceLocator[0;39m - Located environment: name=comment-app-micriservice, profiles=[default], label=null, version=2a950d122370b37a9f78ec21fd0b3cea2f51bc1a, state=null 
19:14:45.395 [restartedMain] [34mINFO [0;39m [36mo.s.c.b.c.PropertySourceBootstrapConfiguration[0;39m - Located property source: [BootstrapPropertySource {name='bootstrapProperties-configClient'}, BootstrapPropertySource {name='bootstrapProperties-https://github.com/Bulbach/cloud-config-app-server.git/application.yml'}] 
19:14:45.401 [restartedMain] [34mINFO [0;39m [36mb.a.c.CommentAppMicroserviceApplication[0;39m - The following 1 profile is active: "dev" 
19:14:46.235 [restartedMain] [34mINFO [0;39m [36mo.s.d.r.c.RepositoryConfigurationDelegate[0;39m - Multiple Spring Data modules found, entering strict repository configuration mode 
19:14:46.236 [restartedMain] [34mINFO [0;39m [36mo.s.d.r.c.RepositoryConfigurationDelegate[0;39m - Bootstrapping Spring Data JDBC repositories in DEFAULT mode. 
19:14:46.255 [restartedMain] [34mINFO [0;39m [36mo.s.d.r.c.RepositoryConfigurationExtensionSupport[0;39m - Spring Data JDBC - Could not safely identify store assignment for repository candidate interface by.alex.commentAppMicriservice.repository.CommentRepository; If you want this repository to be a JDBC repository, consider annotating your entities with one of these annotations: org.springframework.data.relational.core.mapping.Table. 
19:14:46.255 [restartedMain] [34mINFO [0;39m [36mo.s.d.r.c.RepositoryConfigurationDelegate[0;39m - Finished Spring Data repository scanning in 15 ms. Found 0 JDBC repository interfaces. 
19:14:46.263 [restartedMain] [34mINFO [0;39m [36mo.s.d.r.c.RepositoryConfigurationDelegate[0;39m - Multiple Spring Data modules found, entering strict repository configuration mode 
19:14:46.263 [restartedMain] [34mINFO [0;39m [36mo.s.d.r.c.RepositoryConfigurationDelegate[0;39m - Bootstrapping Spring Data JPA repositories in DEFAULT mode. 
19:14:46.288 [restartedMain] [34mINFO [0;39m [36mo.s.d.r.c.RepositoryConfigurationDelegate[0;39m - Finished Spring Data repository scanning in 20 ms. Found 1 JPA repository interface. 
19:14:46.494 [restartedMain] [34mINFO [0;39m [36mo.s.c.context.scope.GenericScope[0;39m - BeanFactory id=18a3bd47-6c65-3b66-8bac-dc2f9a169294 
19:14:47.285 [restartedMain] [34mINFO [0;39m [36mo.s.b.w.e.tomcat.TomcatWebServer[0;39m - Tomcat initialized with port 8080 (http) 
19:14:47.295 [restartedMain] [34mINFO [0;39m [36mo.a.catalina.core.StandardService[0;39m - Starting service [Tomcat] 
19:14:47.296 [restartedMain] [34mINFO [0;39m [36mo.a.catalina.core.StandardEngine[0;39m - Starting Servlet engine: [Apache Tomcat/10.1.18] 
19:14:47.354 [restartedMain] [34mINFO [0;39m [36mo.a.c.c.C.[Tomcat].[localhost].[/][0;39m - Initializing Spring embedded WebApplicationContext 
19:14:47.354 [restartedMain] [34mINFO [0;39m [36mo.s.b.w.s.c.ServletWebServerApplicationContext[0;39m - Root WebApplicationContext: initialization completed in 1938 ms 
19:14:47.500 [restartedMain] [34mINFO [0;39m [36mcom.zaxxer.hikari.HikariDataSource[0;39m - HikariPool-1 - Starting... 
19:14:47.713 [restartedMain] [34mINFO [0;39m [36mcom.zaxxer.hikari.pool.HikariPool[0;39m - HikariPool-1 - Added connection org.postgresql.jdbc.PgConnection@40d6b784 
19:14:47.715 [restartedMain] [34mINFO [0;39m [36mcom.zaxxer.hikari.HikariDataSource[0;39m - HikariPool-1 - Start completed. 
19:14:47.955 [restartedMain] [34mINFO [0;39m [36mliquibase.database[0;39m - Set default schema name to public 
19:14:48.421 [restartedMain] [34mINFO [0;39m [36mliquibase.changelog[0;39m - Reading from public.databasechangelog 
19:14:48.462 [restartedMain] [34mINFO [0;39m [36mliquibase.changelog[0;39m - Reading from public.databasechangelog 
19:14:48.468 [restartedMain] [34mINFO [0;39m [36mliquibase.util[0;39m - UPDATE SUMMARY 
19:14:48.468 [restartedMain] [34mINFO [0;39m [36mliquibase.util[0;39m - Run:                          0 
19:14:48.468 [restartedMain] [34mINFO [0;39m [36mliquibase.util[0;39m - Previously run:               2 
19:14:48.468 [restartedMain] [34mINFO [0;39m [36mliquibase.util[0;39m - Filtered out:                 0 
19:14:48.468 [restartedMain] [34mINFO [0;39m [36mliquibase.util[0;39m - ------------------------------- 
19:14:48.468 [restartedMain] [34mINFO [0;39m [36mliquibase.util[0;39m - Total change sets:            2 
19:14:48.468 [restartedMain] [34mINFO [0;39m [36mliquibase.util[0;39m - Update summary generated 
19:14:48.546 [restartedMain] [34mINFO [0;39m [36mliquibase.lockservice[0;39m - Successfully released change log lock 
19:14:48.547 [restartedMain] [34mINFO [0;39m [36mliquibase.command[0;39m - Command execution complete 
19:14:48.659 [restartedMain] [34mINFO [0;39m [36mo.h.jpa.internal.util.LogHelper[0;39m - HHH000204: Processing PersistenceUnitInfo [name: default] 
19:14:48.750 [restartedMain] [34mINFO [0;39m [36morg.hibernate.Version[0;39m - HHH000412: Hibernate ORM core version 6.4.1.Final 
19:14:48.790 [restartedMain] [34mINFO [0;39m [36mo.h.c.i.RegionFactoryInitiator[0;39m - HHH000026: Second-level cache disabled 
19:14:48.994 [restartedMain] [34mINFO [0;39m [36mo.s.o.j.p.SpringPersistenceUnitInfo[0;39m - No LoadTimeWeaver setup: ignoring JPA class transformer 
19:14:49.031 [restartedMain] [31mWARN [0;39m [36morg.hibernate.orm.deprecation[0;39m - HHH90000025: PostgreSQLDialect does not need to be specified explicitly using 'hibernate.dialect' (remove the property setting and it will be selected by default) 
19:14:49.696 [restartedMain] [34mINFO [0;39m [36mo.h.e.t.j.p.i.JtaPlatformInitiator[0;39m - HHH000489: No JTA platform available (set 'hibernate.transaction.jta.platform' to enable JTA platform integration) 
19:14:49.700 [restartedMain] [34mINFO [0;39m [36mo.s.o.j.LocalContainerEntityManagerFactoryBean[0;39m - Initialized JPA EntityManagerFactory for persistence unit 'default' 
19:14:50.040 [restartedMain] [31mWARN [0;39m [36mo.s.b.w.s.c.AnnotationConfigServletWebServerApplicationContext[0;39m - Exception encountered during context initialization - cancelling refresh attempt: org.springframework.beans.factory.BeanCreationException: Error creating bean with name 'commentController': Injection of autowired dependencies failed 
19:14:50.040 [restartedMain] [34mINFO [0;39m [36mo.s.o.j.LocalContainerEntityManagerFactoryBean[0;39m - Closing JPA EntityManagerFactory for persistence unit 'default' 
19:14:50.043 [restartedMain] [34mINFO [0;39m [36mcom.zaxxer.hikari.HikariDataSource[0;39m - HikariPool-1 - Shutdown initiated... 
19:14:50.049 [restartedMain] [34mINFO [0;39m [36mcom.zaxxer.hikari.HikariDataSource[0;39m - HikariPool-1 - Shutdown completed. 
19:14:50.052 [restartedMain] [34mINFO [0;39m [36mo.a.catalina.core.StandardService[0;39m - Stopping service [Tomcat] 
19:14:50.066 [restartedMain] [34mINFO [0;39m [36mo.s.b.a.l.ConditionEvaluationReportLogger[0;39m - 

Error starting ApplicationContext. To display the condition evaluation report re-run your application with 'debug' enabled. 
19:14:50.085 [restartedMain] [1;31mERROR[0;39m [36mo.s.boot.SpringApplication[0;39m - Application run failed 
org.springframework.beans.factory.BeanCreationException: Error creating bean with name 'commentController': Injection of autowired dependencies failed
	at org.springframework.beans.factory.annotation.AutowiredAnnotationBeanPostProcessor.postProcessProperties(AutowiredAnnotationBeanPostProcessor.java:514)
	at org.springframework.beans.factory.support.AbstractAutowireCapableBeanFactory.populateBean(AbstractAutowireCapableBeanFactory.java:1418)
	at org.springframework.beans.factory.support.AbstractAutowireCapableBeanFactory.doCreateBean(AbstractAutowireCapableBeanFactory.java:598)
	at org.springframework.beans.factory.support.AbstractAutowireCapableBeanFactory.createBean(AbstractAutowireCapableBeanFactory.java:521)
	at org.springframework.beans.factory.support.AbstractBeanFactory.lambda$doGetBean$0(AbstractBeanFactory.java:325)
	at org.springframework.beans.factory.support.DefaultSingletonBeanRegistry.getSingleton(DefaultSingletonBeanRegistry.java:234)
	at org.springframework.beans.factory.support.AbstractBeanFactory.doGetBean(AbstractBeanFactory.java:323)
	at org.springframework.beans.factory.support.AbstractBeanFactory.getBean(AbstractBeanFactory.java:199)
	at org.springframework.beans.factory.support.DefaultListableBeanFactory.preInstantiateSingletons(DefaultListableBeanFactory.java:975)
	at org.springframework.context.support.AbstractApplicationContext.finishBeanFactoryInitialization(AbstractApplicationContext.java:959)
	at org.springframework.context.support.AbstractApplicationContext.refresh(AbstractApplicationContext.java:624)
	at org.springframework.boot.web.servlet.context.ServletWebServerApplicationContext.refresh(ServletWebServerApplicationContext.java:146)
	at org.springframework.boot.SpringApplication.refresh(SpringApplication.java:754)
	at org.springframework.boot.SpringApplication.refreshContext(SpringApplication.java:456)
	at org.springframework.boot.SpringApplication.run(SpringApplication.java:334)
	at org.springframework.boot.SpringApplication.run(SpringApplication.java:1354)
	at org.springframework.boot.SpringApplication.run(SpringApplication.java:1343)
	at by.alex.commentAppMicriservice.CommentAppMicroserviceApplication.main(CommentAppMicroserviceApplication.java:14)
	at java.base/jdk.internal.reflect.NativeMethodAccessorImpl.invoke0(Native Method)
	at java.base/jdk.internal.reflect.NativeMethodAccessorImpl.invoke(NativeMethodAccessorImpl.java:77)
	at java.base/jdk.internal.reflect.DelegatingMethodAccessorImpl.invoke(DelegatingMethodAccessorImpl.java:43)
	at java.base/java.lang.reflect.Method.invoke(Method.java:568)
	at org.springframework.boot.devtools.restart.RestartLauncher.run(RestartLauncher.java:50)
Caused by: java.lang.IllegalArgumentException: Could not resolve placeholder 'spring.cache.algorithm' in value "${spring.cache.algorithm}"
	at org.springframework.util.PropertyPlaceholderHelper.parseStringValue(PropertyPlaceholderHelper.java:180)
	at org.springframework.util.PropertyPlaceholderHelper.replacePlaceholders(PropertyPlaceholderHelper.java:126)
	at org.springframework.core.env.AbstractPropertyResolver.doResolvePlaceholders(AbstractPropertyResolver.java:239)
	at org.springframework.core.env.AbstractPropertyResolver.resolveRequiredPlaceholders(AbstractPropertyResolver.java:210)
	at org.springframework.context.support.PropertySourcesPlaceholderConfigurer.lambda$processProperties$0(PropertySourcesPlaceholderConfigurer.java:200)
	at org.springframework.beans.factory.support.AbstractBeanFactory.resolveEmbeddedValue(AbstractBeanFactory.java:921)
	at org.springframework.beans.factory.support.DefaultListableBeanFactory.doResolveDependency(DefaultListableBeanFactory.java:1374)
	at org.springframework.beans.factory.support.DefaultListableBeanFactory.resolveDependency(DefaultListableBeanFactory.java:1353)
	at org.springframework.beans.factory.annotation.AutowiredAnnotationBeanPostProcessor$AutowiredFieldElement.resolveFieldValue(AutowiredAnnotationBeanPostProcessor.java:784)
	at org.springframework.beans.factory.annotation.AutowiredAnnotationBeanPostProcessor$AutowiredFieldElement.inject(AutowiredAnnotationBeanPostProcessor.java:767)
	at org.springframework.beans.factory.annotation.InjectionMetadata.inject(InjectionMetadata.java:145)
	at org.springframework.beans.factory.annotation.AutowiredAnnotationBeanPostProcessor.postProcessProperties(AutowiredAnnotationBeanPostProcessor.java:508)
	... 22 common frames omitted
